<?xml version="1.0" encoding="UTF-8"?>
<testsuite name="com.user.registraion.UserRegistrationtest" tests="1" skipped="0" failures="0" errors="0" timestamp="2021-03-08T17:35:05" hostname="DESKTOP-O4620L9" time="0.019">
  <properties/>
  <testcase name="givenFirstName_WhenProper_ShouldReturnTrue" classname="com.user.registraion.UserRegistrationtest" time="0.019"/>
  <system-out><![CDATA[]]></system-out>
  <system-err><![CDATA[]]></system-err>
</testsuite>
